<?xml version="1.0" encoding="UTF-8"?>
<!-- Generated by org.testng.reporters.JUnitReportReporter -->
<testsuite skipped="0" hostname="BinhNguyen-PC" name="Railway.ResetChangePasswordTest" tests="1" failures="0" timestamp="25 Jul 2018 19:37:21 GMT" time="205.042" errors="0">
  <testcase name="TC13" time="205.042" classname="Railway.ResetChangePasswordTest"/>
</testsuite> <!-- Railway.ResetChangePasswordTest -->
