<?xml version="1.0" encoding="UTF-8"?>
<!-- Generated by org.testng.reporters.JUnitReportReporter -->
<testsuite skipped="0" hostname="BinhNguyen-PC" name="Railway.CreateAccountWithoutActive" tests="1" failures="0" timestamp="21 Jul 2018 17:41:43 GMT" time="138.686" errors="0">
  <testcase name="TC08" time="138.686" classname="Railway.CreateAccountWithoutActive"/>
</testsuite> <!-- Railway.CreateAccountWithoutActive -->
