<?xml version="1.0" encoding="UTF-8"?>
<!-- Generated by org.testng.reporters.JUnitReportReporter -->
<testsuite skipped="0" hostname="BinhNguyen-PC" name="Railway.GoToBookTicketFromTimeTableTest" tests="1" failures="0" timestamp="26 Jul 2018 16:54:48 GMT" time="10.040" errors="0">
  <testcase name="TC15" time="10.040" classname="Railway.GoToBookTicketFromTimeTableTest"/>
</testsuite> <!-- Railway.GoToBookTicketFromTimeTableTest -->
